[debug] [2026-02-21T10:21:52.080Z] ----------------------------------------------------------------------
[debug] [2026-02-21T10:21:52.084Z] Command:       C:\nvm4w\nodejs\node.exe C:\nvm4w\nodejs\node_modules\firebase-tools\lib\bin\firebase.js deploy
[debug] [2026-02-21T10:21:52.084Z] CLI Version:   15.6.0
[debug] [2026-02-21T10:21:52.085Z] Platform:      win32
[debug] [2026-02-21T10:21:52.085Z] Node Version:  v20.19.0
[debug] [2026-02-21T10:21:52.085Z] Time:          Sat Feb 21 2026 11:21:52 GMT+0100 (heure normale d’Europe centrale)
[debug] [2026-02-21T10:21:52.085Z] ----------------------------------------------------------------------
[debug] 
[debug] [2026-02-21T10:21:54.139Z] > command requires scopes: ["email","openid","https://www.googleapis.com/auth/cloudplatformprojects.readonly","https://www.googleapis.com/auth/firebase","https://www.googleapis.com/auth/cloud-platform"]
[debug] [2026-02-21T10:21:54.139Z] > authorizing via signed-in user (fullstuck07@gmail.com)
[debug] [2026-02-21T10:21:54.139Z] [iam] checking project gross-profit-11edc for permissions ["firebase.projects.get","firebasehosting.sites.update"]
[debug] [2026-02-21T10:21:54.141Z] Checked if tokens are valid: true, expires at: 1771672898045
[debug] [2026-02-21T10:21:54.141Z] Checked if tokens are valid: true, expires at: 1771672898045
[debug] [2026-02-21T10:21:54.142Z] >>> [apiv2][query] POST https://cloudresourcemanager.googleapis.com/v1/projects/gross-profit-11edc:testIamPermissions [none]
[debug] [2026-02-21T10:21:54.142Z] >>> [apiv2][(partial)header] POST https://cloudresourcemanager.googleapis.com/v1/projects/gross-profit-11edc:testIamPermissions  x-goog-user-project=gross-profit-11edc
[debug] [2026-02-21T10:21:54.143Z] >>> [apiv2][body] POST https://cloudresourcemanager.googleapis.com/v1/projects/gross-profit-11edc:testIamPermissions {"permissions":["firebase.projects.get","firebasehosting.sites.update"]}
[debug] [2026-02-21T10:21:54.356Z] *** [apiv2] error from fetch(https://cloudresourcemanager.googleapis.com/v1/projects/gross-profit-11edc:testIamPermissions, {"headers":{},"method":"POST","body":"{\"permissions\":[\"firebase.projects.get\",\"firebasehosting.sites.update\"]}"}): FetchError: request to https://cloudresourcemanager.googleapis.com/v1/projects/gross-profit-11edc:testIamPermissions failed, reason: getaddrinfo EAI_FAIL cloudresourcemanager.googleapis.com
[debug] [2026-02-21T10:21:54.356Z] [iam] error while checking permissions, command may fail: Failed to make request to https://cloudresourcemanager.googleapis.com/v1/projects/gross-profit-11edc:testIamPermissions
[debug] [2026-02-21T10:21:54.357Z] Checked if tokens are valid: true, expires at: 1771672898045
[debug] [2026-02-21T10:21:54.357Z] Checked if tokens are valid: true, expires at: 1771672898045
[debug] [2026-02-21T10:21:54.357Z] >>> [apiv2][query] GET https://firebase.googleapis.com/v1beta1/projects/gross-profit-11edc [none]
[debug] [2026-02-21T10:21:54.406Z] *** [apiv2] error from fetch(https://firebase.googleapis.com/v1beta1/projects/gross-profit-11edc, {"headers":{},"method":"GET","signal":{"reason":""}}): FetchError: request to https://firebase.googleapis.com/v1beta1/projects/gross-profit-11edc failed, reason: getaddrinfo EAI_FAIL firebase.googleapis.com
[debug] [2026-02-21T10:21:54.407Z] Failed to make request to https://firebase.googleapis.com/v1beta1/projects/gross-profit-11edc (original: request to https://firebase.googleapis.com/v1beta1/projects/gross-profit-11edc failed, reason: getaddrinfo EAI_FAIL firebase.googleapis.com)
[error] 
[error] Error: Assertion failed: resolving hosting target of a site with no site name or target name. This should have caused an error earlier
